  [1m[36mSQL (0.3ms)[0m  [1m SELECT name
 FROM sqlite_master
 WHERE type = 'table' AND NOT name = 'sqlite_sequence'
[0m
  [1m[35mSQL (0.1ms)[0m   SELECT name
 FROM sqlite_master
 WHERE type = 'table' AND NOT name = 'sqlite_sequence'
  [1m[36mSQL (0.3ms)[0m  [1m SELECT name
 FROM sqlite_master
 WHERE type = 'table' AND NOT name = 'sqlite_sequence'
[0m
  [1m[35mSQL (0.1ms)[0m   SELECT name
 FROM sqlite_master
 WHERE type = 'table' AND NOT name = 'sqlite_sequence'
  [1m[36mSQL (0.3ms)[0m  [1m SELECT name
 FROM sqlite_master
 WHERE type = 'table' AND NOT name = 'sqlite_sequence'
[0m
  [1m[35mSQL (0.1ms)[0m   SELECT name
 FROM sqlite_master
 WHERE type = 'table' AND NOT name = 'sqlite_sequence'
  [1m[36mSQL (0.3ms)[0m  [1m SELECT name
 FROM sqlite_master
 WHERE type = 'table' AND NOT name = 'sqlite_sequence'
[0m
  [1m[35mSQL (0.1ms)[0m   SELECT name
 FROM sqlite_master
 WHERE type = 'table' AND NOT name = 'sqlite_sequence'
  [1m[36mSQL (0.3ms)[0m  [1m SELECT name
 FROM sqlite_master
 WHERE type = 'table' AND NOT name = 'sqlite_sequence'
[0m
  [1m[35mSQL (0.1ms)[0m   SELECT name
 FROM sqlite_master
 WHERE type = 'table' AND NOT name = 'sqlite_sequence'
  [1m[36mSQL (0.3ms)[0m  [1m SELECT name
 FROM sqlite_master
 WHERE type = 'table' AND NOT name = 'sqlite_sequence'
[0m
  [1m[35mSQL (0.1ms)[0m   SELECT name
 FROM sqlite_master
 WHERE type = 'table' AND NOT name = 'sqlite_sequence'
  [1m[36mSQL (0.3ms)[0m  [1m SELECT name
 FROM sqlite_master
 WHERE type = 'table' AND NOT name = 'sqlite_sequence'
[0m
  [1m[35mSQL (0.1ms)[0m   SELECT name
 FROM sqlite_master
 WHERE type = 'table' AND NOT name = 'sqlite_sequence'
  [1m[36mSQL (0.2ms)[0m  [1m SELECT name
 FROM sqlite_master
 WHERE type = 'table' AND NOT name = 'sqlite_sequence'
[0m
  [1m[35mSQL (0.1ms)[0m   SELECT name
 FROM sqlite_master
 WHERE type = 'table' AND NOT name = 'sqlite_sequence'
  [1m[36mSQL (0.2ms)[0m  [1m SELECT name
 FROM sqlite_master
 WHERE type = 'table' AND NOT name = 'sqlite_sequence'
[0m
  [1m[35mSQL (0.1ms)[0m  select sqlite_version(*)
  [1m[36mSQL (11.8ms)[0m  [1mCREATE TABLE "schema_migrations" ("version" varchar(255) NOT NULL) [0m
  [1m[35mSQL (0.0ms)[0m  PRAGMA index_list("schema_migrations")
  [1m[36mSQL (12.4ms)[0m  [1mCREATE UNIQUE INDEX "unique_schema_migrations" ON "schema_migrations" ("version")[0m
  [1m[35mSQL (0.1ms)[0m   SELECT name
 FROM sqlite_master
 WHERE type = 'table' AND NOT name = 'sqlite_sequence'
  [1m[36mSQL (0.1ms)[0m  [1m SELECT name
 FROM sqlite_master
 WHERE type = 'table' AND NOT name = 'sqlite_sequence'
[0m
  [1m[35mSQL (0.1ms)[0m  SELECT "schema_migrations"."version" FROM "schema_migrations"
Migrating to CreateSlugs (20110104030150)
  [1m[36mSQL (0.5ms)[0m  [1mCREATE TABLE "slugs" ("id" INTEGER PRIMARY KEY AUTOINCREMENT NOT NULL, "name" varchar(255), "sluggable_id" integer, "sequence" integer DEFAULT 1 NOT NULL, "sluggable_type" varchar(40), "scope" varchar(255), "created_at" datetime) [0m
  [1m[35mSQL (0.0ms)[0m  PRAGMA index_list("slugs")
  [1m[36mSQL (0.1ms)[0m  [1mCREATE INDEX "index_slugs_on_sluggable_id" ON "slugs" ("sluggable_id")[0m
  [1m[35mSQL (0.1ms)[0m  PRAGMA index_list("slugs")
  [1m[36mSQL (0.1ms)[0m  [1mPRAGMA index_info('index_slugs_on_sluggable_id')[0m
  [1m[35mSQL (0.3ms)[0m  CREATE UNIQUE INDEX "index_slugs_on_n_s_s_and_s" ON "slugs" ("name", "sluggable_type", "sequence", "scope")
  [1m[36mSQL (0.1ms)[0m  [1m SELECT name
 FROM sqlite_master
 WHERE type = 'table' AND NOT name = 'sqlite_sequence'
[0m
  [1m[35mSQL (0.1ms)[0m  INSERT INTO "schema_migrations" ("version") VALUES ('20110104030150')
Migrating to DeviseCreateUsers (20110104030214)
  [1m[36mSQL (0.5ms)[0m  [1mCREATE TABLE "users" ("id" INTEGER PRIMARY KEY AUTOINCREMENT NOT NULL, "email" varchar(255) DEFAULT '' NOT NULL, "encrypted_password" varchar(128) DEFAULT '' NOT NULL, "password_salt" varchar(255) DEFAULT '' NOT NULL, "reset_password_token" varchar(255), "remember_token" varchar(255), "remember_created_at" datetime, "sign_in_count" integer DEFAULT 0, "current_sign_in_at" datetime, "last_sign_in_at" datetime, "current_sign_in_ip" varchar(255), "last_sign_in_ip" varchar(255), "confirmation_token" varchar(255), "confirmed_at" datetime, "confirmation_sent_at" datetime, "authentication_token" varchar(255), "created_at" datetime, "updated_at" datetime) [0m
  [1m[35mSQL (0.1ms)[0m  PRAGMA index_list("users")
  [1m[36mSQL (0.4ms)[0m  [1mCREATE UNIQUE INDEX "index_users_on_email" ON "users" ("email")[0m
  [1m[35mSQL (0.1ms)[0m  PRAGMA index_list("users")
  [1m[36mSQL (0.1ms)[0m  [1mPRAGMA index_info('index_users_on_email')[0m
  [1m[35mSQL (0.1ms)[0m  CREATE UNIQUE INDEX "index_users_on_reset_password_token" ON "users" ("reset_password_token")
  [1m[36mSQL (0.1ms)[0m  [1mPRAGMA index_list("users")[0m
  [1m[35mSQL (0.1ms)[0m  PRAGMA index_info('index_users_on_reset_password_token')
  [1m[36mSQL (0.1ms)[0m  [1mPRAGMA index_info('index_users_on_email')[0m
  [1m[35mSQL (0.2ms)[0m  CREATE UNIQUE INDEX "index_users_on_confirmation_token" ON "users" ("confirmation_token")
  [1m[36mSQL (0.1ms)[0m  [1m SELECT name
 FROM sqlite_master
 WHERE type = 'table' AND NOT name = 'sqlite_sequence'
[0m
  [1m[35mSQL (0.1ms)[0m  INSERT INTO "schema_migrations" ("version") VALUES ('20110104030214')
Migrating to AddNameToUsers (20110104030218)
  [1m[36mSQL (1.6ms)[0m  [1mALTER TABLE "users" ADD "name" varchar(255)[0m
  [1m[35mSQL (0.1ms)[0m   SELECT name
 FROM sqlite_master
 WHERE type = 'table' AND NOT name = 'sqlite_sequence'
  [1m[36mSQL (0.1ms)[0m  [1mINSERT INTO "schema_migrations" ("version") VALUES ('20110104030218')[0m
Migrating to AddCachedSlugToUsers (20110104030223)
  [1m[35mSQL (0.5ms)[0m  ALTER TABLE "users" ADD "cached_slug" varchar(255)
  [1m[36mSQL (0.1ms)[0m  [1m SELECT name
 FROM sqlite_master
 WHERE type = 'table' AND NOT name = 'sqlite_sequence'
[0m
  [1m[35mSQL (0.1ms)[0m  INSERT INTO "schema_migrations" ("version") VALUES ('20110104030223')
Migrating to AddDeletedAtToUsers (20110104030227)
  [1m[36mSQL (0.7ms)[0m  [1mALTER TABLE "users" ADD "deleted_at" datetime[0m
  [1m[35mSQL (0.1ms)[0m   SELECT name
 FROM sqlite_master
 WHERE type = 'table' AND NOT name = 'sqlite_sequence'
  [1m[36mSQL (0.1ms)[0m  [1mINSERT INTO "schema_migrations" ("version") VALUES ('20110104030227')[0m
Migrating to CreateRoles (20110104030240)
  [1m[35mSQL (0.5ms)[0m  CREATE TABLE "roles" ("id" INTEGER PRIMARY KEY AUTOINCREMENT NOT NULL, "name" varchar(255), "created_at" datetime, "updated_at" datetime) 
  [1m[36mSQL (0.1ms)[0m  [1m SELECT name
 FROM sqlite_master
 WHERE type = 'table' AND NOT name = 'sqlite_sequence'
[0m
  [1m[35mSQL (0.1ms)[0m  INSERT INTO "schema_migrations" ("version") VALUES ('20110104030240')
Migrating to UsersHaveAndBelongToManyRoles (20110104030245)
  [1m[36mSQL (0.4ms)[0m  [1mCREATE TABLE "roles_users" ("role_id" integer, "user_id" integer) [0m
  [1m[35mSQL (0.2ms)[0m   SELECT name
 FROM sqlite_master
 WHERE type = 'table' AND NOT name = 'sqlite_sequence'
  [1m[36mSQL (0.1ms)[0m  [1mINSERT INTO "schema_migrations" ("version") VALUES ('20110104030245')[0m
  [1m[35mSQL (0.3ms)[0m   SELECT name
 FROM sqlite_master
 WHERE type = 'table' AND NOT name = 'sqlite_sequence'
  [1m[36mSQL (0.1ms)[0m  [1m SELECT name
 FROM sqlite_master
 WHERE type = 'table' AND NOT name = 'sqlite_sequence'
[0m
  [1m[35mSQL (0.1ms)[0m  SELECT "schema_migrations"."version" FROM "schema_migrations"
  [1m[36mSQL (0.1ms)[0m  [1m SELECT name
 FROM sqlite_master
 WHERE type = 'table' AND NOT name = 'sqlite_sequence'
[0m
  [1m[35mSQL (0.0ms)[0m  PRAGMA index_list("roles")
  [1m[36mSQL (0.0ms)[0m  [1mPRAGMA index_list("roles_users")[0m
  [1m[35mSQL (0.1ms)[0m  PRAGMA index_list("slugs")
  [1m[36mSQL (0.1ms)[0m  [1mPRAGMA index_info('index_slugs_on_n_s_s_and_s')[0m
  [1m[35mSQL (0.1ms)[0m  PRAGMA index_info('index_slugs_on_sluggable_id')
  [1m[36mSQL (0.1ms)[0m  [1mPRAGMA index_list("users")[0m
  [1m[35mSQL (0.1ms)[0m  PRAGMA index_info('index_users_on_confirmation_token')
  [1m[36mSQL (0.1ms)[0m  [1mPRAGMA index_info('index_users_on_reset_password_token')[0m
  [1m[35mSQL (0.1ms)[0m  PRAGMA index_info('index_users_on_email')
  [1m[36mSQL (0.3ms)[0m  [1m SELECT name
 FROM sqlite_master
 WHERE type = 'table' AND NOT name = 'sqlite_sequence'
[0m
  [1m[35mSQL (0.2ms)[0m   SELECT name
 FROM sqlite_master
 WHERE type = 'table' AND NOT name = 'sqlite_sequence'
  [1m[36mSQL (0.1ms)[0m  [1mSELECT "schema_migrations"."version" FROM "schema_migrations"[0m
  [1m[35mSQL (0.2ms)[0m  select sqlite_version(*)
  [1m[36mSQL (0.2ms)[0m  [1m SELECT name
 FROM sqlite_master
 WHERE type = 'table' AND NOT name = 'sqlite_sequence'
[0m
  [1m[35mSQL (41.5ms)[0m  CREATE TABLE "roles" ("id" INTEGER PRIMARY KEY AUTOINCREMENT NOT NULL, "name" varchar(255), "created_at" datetime, "updated_at" datetime) 
  [1m[36mSQL (0.2ms)[0m  [1m SELECT name
 FROM sqlite_master
 WHERE type = 'table' AND NOT name = 'sqlite_sequence'
[0m
  [1m[35mSQL (3.1ms)[0m  CREATE TABLE "roles_users" ("role_id" integer, "user_id" integer) 
  [1m[36mSQL (0.2ms)[0m  [1m SELECT name
 FROM sqlite_master
 WHERE type = 'table' AND NOT name = 'sqlite_sequence'
[0m
  [1m[35mSQL (3.7ms)[0m  CREATE TABLE "slugs" ("id" INTEGER PRIMARY KEY AUTOINCREMENT NOT NULL, "name" varchar(255), "sluggable_id" integer, "sequence" integer DEFAULT 1 NOT NULL, "sluggable_type" varchar(40), "scope" varchar(255), "created_at" datetime) 
  [1m[36mSQL (0.1ms)[0m  [1mPRAGMA index_list("slugs")[0m
  [1m[35mSQL (5.0ms)[0m  CREATE UNIQUE INDEX "index_slugs_on_n_s_s_and_s" ON "slugs" ("name", "sluggable_type", "sequence", "scope")
  [1m[36mSQL (0.1ms)[0m  [1mPRAGMA index_list("slugs")[0m
  [1m[35mSQL (0.1ms)[0m  PRAGMA index_info('index_slugs_on_n_s_s_and_s')
  [1m[36mSQL (3.2ms)[0m  [1mCREATE INDEX "index_slugs_on_sluggable_id" ON "slugs" ("sluggable_id")[0m
  [1m[35mSQL (0.2ms)[0m   SELECT name
 FROM sqlite_master
 WHERE type = 'table' AND NOT name = 'sqlite_sequence'
  [1m[36mSQL (3.2ms)[0m  [1mCREATE TABLE "users" ("id" INTEGER PRIMARY KEY AUTOINCREMENT NOT NULL, "email" varchar(255) DEFAULT '' NOT NULL, "encrypted_password" varchar(128) DEFAULT '' NOT NULL, "password_salt" varchar(255) DEFAULT '' NOT NULL, "reset_password_token" varchar(255), "remember_token" varchar(255), "remember_created_at" datetime, "sign_in_count" integer DEFAULT 0, "current_sign_in_at" datetime, "last_sign_in_at" datetime, "current_sign_in_ip" varchar(255), "last_sign_in_ip" varchar(255), "confirmation_token" varchar(255), "confirmed_at" datetime, "confirmation_sent_at" datetime, "authentication_token" varchar(255), "created_at" datetime, "updated_at" datetime, "name" varchar(255), "cached_slug" varchar(255), "deleted_at" datetime) [0m
  [1m[35mSQL (0.0ms)[0m  PRAGMA index_list("users")
  [1m[36mSQL (3.7ms)[0m  [1mCREATE UNIQUE INDEX "index_users_on_confirmation_token" ON "users" ("confirmation_token")[0m
  [1m[35mSQL (0.1ms)[0m  PRAGMA index_list("users")
  [1m[36mSQL (0.1ms)[0m  [1mPRAGMA index_info('index_users_on_confirmation_token')[0m
  [1m[35mSQL (3.2ms)[0m  CREATE UNIQUE INDEX "index_users_on_email" ON "users" ("email")
  [1m[36mSQL (0.1ms)[0m  [1mPRAGMA index_list("users")[0m
  [1m[35mSQL (0.1ms)[0m  PRAGMA index_info('index_users_on_email')
  [1m[36mSQL (0.1ms)[0m  [1mPRAGMA index_info('index_users_on_confirmation_token')[0m
  [1m[35mSQL (4.9ms)[0m  CREATE UNIQUE INDEX "index_users_on_reset_password_token" ON "users" ("reset_password_token")
  [1m[36mSQL (0.2ms)[0m  [1m SELECT name
 FROM sqlite_master
 WHERE type = 'table' AND NOT name = 'sqlite_sequence'
[0m
  [1m[35mSQL (4.6ms)[0m  CREATE TABLE "schema_migrations" ("version" varchar(255) NOT NULL) 
  [1m[36mSQL (0.1ms)[0m  [1mPRAGMA index_list("schema_migrations")[0m
  [1m[35mSQL (4.4ms)[0m  CREATE UNIQUE INDEX "unique_schema_migrations" ON "schema_migrations" ("version")
  [1m[36mSQL (0.2ms)[0m  [1m SELECT name
 FROM sqlite_master
 WHERE type = 'table' AND NOT name = 'sqlite_sequence'
[0m
  [1m[35mSQL (0.1ms)[0m  SELECT version FROM "schema_migrations"
  [1m[36mSQL (4.9ms)[0m  [1mINSERT INTO "schema_migrations" (version) VALUES ('20110104030245')[0m
  [1m[35mSQL (3.3ms)[0m  INSERT INTO "schema_migrations" (version) VALUES ('20110104030150')
  [1m[36mSQL (4.9ms)[0m  [1mINSERT INTO "schema_migrations" (version) VALUES ('20110104030214')[0m
  [1m[35mSQL (3.4ms)[0m  INSERT INTO "schema_migrations" (version) VALUES ('20110104030218')
  [1m[36mSQL (4.8ms)[0m  [1mINSERT INTO "schema_migrations" (version) VALUES ('20110104030223')[0m
  [1m[35mSQL (3.4ms)[0m  INSERT INTO "schema_migrations" (version) VALUES ('20110104030227')
  [1m[36mSQL (4.8ms)[0m  [1mINSERT INTO "schema_migrations" (version) VALUES ('20110104030240')[0m
  [1m[36mSQL (0.3ms)[0m  [1m SELECT name
 FROM sqlite_master
 WHERE type = 'table' AND NOT name = 'sqlite_sequence'
[0m
  [1m[35mSQL (0.3ms)[0m   SELECT name
 FROM sqlite_master
 WHERE type = 'table' AND NOT name = 'sqlite_sequence'
  [1m[36mSQL (0.2ms)[0m  [1mSELECT "schema_migrations"."version" FROM "schema_migrations"[0m
  [1m[35mUser Load (0.2ms)[0m  SELECT "users"."id" FROM "users" WHERE (LOWER("users"."email") = LOWER('collin@quickleft.com')) AND ("users"."deleted_at" IS NULL) LIMIT 1
  [1m[36mUser Load (0.1ms)[0m  [1mSELECT "users".* FROM "users" WHERE ("users"."deleted_at" IS NULL) AND ("users"."confirmation_token" = 'l_2WGSfoX0i8xIsQp3zH') LIMIT 1[0m
  [1m[35mAREL (0.5ms)[0m  INSERT INTO "users" ("authentication_token", "sign_in_count", "updated_at", "deleted_at", "cached_slug", "reset_password_token", "current_sign_in_at", "confirmation_token", "last_sign_in_at", "current_sign_in_ip", "remember_created_at", "last_sign_in_ip", "created_at", "name", "remember_token", "confirmed_at", "encrypted_password", "email", "confirmation_sent_at", "password_salt") VALUES (NULL, 0, '2011-01-04 03:03:00.343887', NULL, NULL, NULL, NULL, 'l_2WGSfoX0i8xIsQp3zH', NULL, NULL, NULL, NULL, '2011-01-04 03:03:00.343887', 'Collin Schaafsma', NULL, NULL, '$2a$10$GNyPE3OtvdKEX2E4580zo.KMgsD5EIwJoR.8CN2/c5K8cgrHuC4zq', 'collin@quickleft.com', '2011-01-04 03:03:00.343764', '$2a$10$GNyPE3OtvdKEX2E4580zo.')
Rendered devise/mailer/confirmation_instructions.html.haml (1.9ms)

Sent mail to collin@quickleft.com (24ms)
Date: Mon, 03 Jan 2011 20:03:01 -0700
From: please-change-me@config-initializers-devise.com
To: collin@quickleft.com
Message-ID: <4d228de525dc7_5dcf800eb1b0468f5@Collin-Schaafsmas-MacBook-Pro-2.local.mail>
Subject: Confirmation instructions
Mime-Version: 1.0
Content-Type: text/html;
 charset=UTF-8
Content-Transfer-Encoding: 7bit

<p>
  Welcome collin@quickleft.com!
</p>
<p>You can confirm your account through the link below:</p>
<p><a href="http://0.0.0.0:3000/users/confirmation?confirmation_token=l_2WGSfoX0i8xIsQp3zH">Confirm my account</a></p>
  [1m[36mUser Load (0.2ms)[0m  [1mSELECT "users"."id" FROM "users" WHERE (LOWER("users"."email") = LOWER('collin@quickleft.com')) AND ("users"."deleted_at" IS NULL) AND ("users".id <> 1) LIMIT 1[0m
  [1m[35mAREL (0.2ms)[0m  UPDATE "users" SET "updated_at" = '2011-01-04 03:03:01.193992', "confirmed_at" = '2011-01-04 03:03:00.343764' WHERE ("users"."id" = 1)
  [1m[36mAREL (0.3ms)[0m  [1mINSERT INTO "roles" ("created_at", "name", "updated_at") VALUES ('2011-01-04 03:03:01.208933', 'Admin', '2011-01-04 03:03:01.208933')[0m
  [1m[35mAREL (0.3ms)[0m  INSERT INTO "roles" ("created_at", "name", "updated_at") VALUES ('2011-01-04 03:03:01.219766', 'Member', '2011-01-04 03:03:01.219766')
  [1m[36mUser Load (0.3ms)[0m  [1mSELECT "users".* FROM "users" WHERE ("users"."deleted_at" IS NULL) AND ("users"."email" = 'collin@quickleft.com') LIMIT 1[0m
  [1m[35mRole Load (0.2ms)[0m  SELECT "roles".* FROM "roles" WHERE ("roles"."id" IN (1, 2))
  [1m[36mRole Load (0.1ms)[0m  [1mSELECT * FROM "roles" INNER JOIN "roles_users" ON "roles".id = "roles_users".role_id WHERE ("roles_users".user_id = 1 )[0m
  [1m[35mSQL (0.2ms)[0m  INSERT INTO "roles_users" ("user_id", "role_id") VALUES (1, 1)
  [1m[36mSQL (0.0ms)[0m  [1mINSERT INTO "roles_users" ("user_id", "role_id") VALUES (1, 2)[0m
  [1m[35mUser Load (0.1ms)[0m  SELECT "users"."id" FROM "users" WHERE (LOWER("users"."email") = LOWER('collin@quickleft.com')) AND ("users"."deleted_at" IS NULL) AND ("users".id <> 1) LIMIT 1
  [1m[36mSQL (0.2ms)[0m  [1m SELECT name
 FROM sqlite_master
 WHERE type = 'table' AND NOT name = 'sqlite_sequence'
[0m
  [1m[36mSQL (0.3ms)[0m  [1m SELECT name
 FROM sqlite_master
 WHERE type = 'table' AND NOT name = 'sqlite_sequence'
[0m
